2025-01-30 11:42:22.855 | INFO     | utils_logger:<module>:41 - Logging to file: logs\project_log.log
2025-01-30 11:42:22.856 | INFO     | __main__:main:93 - Starting CSV fetch demonstration...
2025-01-30 11:42:22.856 | INFO     | __main__:fetch_csv_file:52 - Fetching CSV data from https://raw.githubusercontent.com/MainakRepositor/Datasets/master/World%20Happiness%20Data/2020.csv...
2025-01-30 11:42:23.288 | INFO     | __main__:write_csv_file:76 - Writing CSV data to example_data\2020_happiness.csv...
2025-01-30 11:42:23.289 | INFO     | __main__:write_csv_file:80 - SUCCESS: CSV data written to example_data\2020_happiness.csv
2025-01-30 11:42:23.290 | INFO     | __main__:fetch_csv_file:56 - SUCCESS: CSV file fetched and saved as 2020_happiness.csv
2025-01-30 11:48:57.195 | INFO     | utils_logger:<module>:41 - Logging to file: logs\project_log.log
2025-01-30 11:48:57.196 | INFO     | __main__:main:93 - Starting CSV fetch demonstration...
2025-01-30 11:48:57.196 | INFO     | __main__:fetch_csv_file:52 - Fetching CSV data from https://raw.githubusercontent.com/MainakRepositor/Datasets/master/World%20Happiness%20Data/2020.csv...
2025-01-30 11:48:57.442 | INFO     | __main__:write_csv_file:76 - Writing CSV data to example_data\2020_happiness.csv...
2025-01-30 11:48:57.445 | INFO     | __main__:write_csv_file:80 - SUCCESS: CSV data written to example_data\2020_happiness.csv
2025-01-30 11:48:57.445 | INFO     | __main__:fetch_csv_file:56 - SUCCESS: CSV file fetched and saved as 2020_happiness.csv
2025-01-30 12:19:36.227 | INFO     | utils_logger:<module>:41 - Logging to file: logs\project_log.log
2025-01-30 12:19:36.228 | INFO     | __main__:main:93 - Starting Excel fetch demonstration...
2025-01-30 12:19:36.228 | INFO     | __main__:fetch_excel_file:52 - Fetching Excel data from https://raw.githubusercontent.com/denisecase/datafun-03-analytics/main/hosted/Feedback.xlsx...
2025-01-30 12:19:36.606 | INFO     | __main__:write_excel_file:76 - Writing Excel data to example_data\feedback.xlsx...
2025-01-30 12:19:36.608 | INFO     | __main__:write_excel_file:80 - SUCCESS: Excel data written to example_data\feedback.xlsx
2025-01-30 12:19:36.609 | INFO     | __main__:fetch_excel_file:56 - SUCCESS: Excel file fetched and saved as feedback.xlsx
2025-01-30 12:20:05.044 | INFO     | utils_logger:<module>:41 - Logging to file: logs\project_log.log
2025-01-30 12:20:05.044 | INFO     | __main__:main:93 - Starting Excel fetch demonstration...
2025-01-30 12:20:05.044 | INFO     | __main__:fetch_excel_file:52 - Fetching Excel data from https://raw.githubusercontent.com/denisecase/datafun-03-analytics/main/hosted/Feedback.xlsx...
2025-01-30 12:20:05.110 | INFO     | __main__:write_excel_file:76 - Writing Excel data to example_data\feedback.xlsx...
2025-01-30 12:20:05.111 | INFO     | __main__:write_excel_file:80 - SUCCESS: Excel data written to example_data\feedback.xlsx
2025-01-30 12:20:05.112 | INFO     | __main__:fetch_excel_file:56 - SUCCESS: Excel file fetched and saved as feedback.xlsx
2025-01-30 12:23:24.835 | INFO     | utils_logger:<module>:41 - Logging to file: logs\project_log.log
2025-01-30 12:23:24.835 | INFO     | __main__:main:93 - Starting Excel fetch demonstration...
2025-01-30 12:23:24.836 | INFO     | __main__:fetch_excel_file:52 - Fetching Excel data from https://raw.githubusercontent.com/denisecase/datafun-03-analytics/main/hosted/Feedback.xlsx...
2025-01-30 12:23:24.899 | INFO     | __main__:write_excel_file:76 - Writing Excel data to example_data\feedback.xlsx...
2025-01-30 12:23:24.901 | INFO     | __main__:write_excel_file:80 - SUCCESS: Excel data written to example_data\feedback.xlsx
2025-01-30 12:23:24.902 | INFO     | __main__:fetch_excel_file:56 - SUCCESS: Excel file fetched and saved as feedback.xlsx
2025-01-30 12:26:19.130 | INFO     | utils_logger:<module>:41 - Logging to file: logs\project_log.log
2025-01-30 12:26:19.131 | INFO     | __main__:main:93 - Starting CSV fetch demonstration...
2025-01-30 12:26:19.131 | INFO     | __main__:fetch_csv_file:52 - Fetching CSV data from https://raw.githubusercontent.com/MainakRepositor/Datasets/master/World%20Happiness%20Data/2020.csv...
2025-01-30 12:26:19.279 | INFO     | __main__:write_csv_file:76 - Writing CSV data to example_data\2020_happiness.csv...
2025-01-30 12:26:19.281 | INFO     | __main__:write_csv_file:80 - SUCCESS: CSV data written to example_data\2020_happiness.csv
2025-01-30 12:26:19.282 | INFO     | __main__:fetch_csv_file:56 - SUCCESS: CSV file fetched and saved as 2020_happiness.csv
2025-01-30 12:32:41.031 | INFO     | utils_logger:<module>:41 - Logging to file: logs\project_log.log
2025-01-30 12:32:41.031 | INFO     | __main__:main:94 - Starting JSON fetch demonstration...
2025-01-30 12:32:41.031 | INFO     | __main__:fetch_json_file:53 - Fetching JSON data from http://api.open-notify.org/astros.json...
2025-01-30 12:32:44.231 | INFO     | __main__:write_json_file:77 - Writing JSON data to example_data\astros.json...
2025-01-30 12:32:44.234 | INFO     | __main__:write_json_file:81 - SUCCESS: JSON data written to example_data\astros.json
2025-01-30 12:32:44.235 | INFO     | __main__:fetch_json_file:57 - SUCCESS: JSON file fetched and saved as astros.json
2025-01-30 12:36:00.191 | INFO     | utils_logger:<module>:41 - Logging to file: logs\project_log.log
2025-01-30 12:36:00.192 | INFO     | __main__:main:94 - Starting JSON fetch demonstration...
2025-01-30 12:36:00.192 | INFO     | __main__:fetch_json_file:53 - Fetching JSON data from http://api.open-notify.org/astros.json...
2025-01-30 12:36:00.355 | INFO     | __main__:write_json_file:77 - Writing JSON data to example_data\astros.json...
2025-01-30 12:36:00.358 | INFO     | __main__:write_json_file:81 - SUCCESS: JSON data written to example_data\astros.json
2025-01-30 12:36:00.358 | INFO     | __main__:fetch_json_file:57 - SUCCESS: JSON file fetched and saved as astros.json
2025-01-30 12:42:22.443 | INFO     | utils_logger:<module>:41 - Logging to file: logs\project_log.log
2025-01-30 12:42:22.444 | INFO     | __main__:main:93 - Starting text fetch demonstration...
2025-01-30 12:42:22.444 | INFO     | __main__:fetch_txt_file:52 - Fetching text data from https://raw.githubusercontent.com/denisecase/datafun-03-analytics/main/hosted/romeo.txt...
2025-01-30 12:42:22.858 | INFO     | __main__:write_txt_file:76 - Writing data to example_data\romeo.txt...
2025-01-30 12:42:22.861 | INFO     | __main__:write_txt_file:80 - SUCCESS: Data written to example_data\romeo.txt
2025-01-30 12:42:22.862 | INFO     | __main__:fetch_txt_file:56 - SUCCESS: Text file fetched and saved as romeo.txt
2025-01-30 12:46:27.741 | INFO     | utils_logger:<module>:41 - Logging to file: logs\project_log.log
2025-01-30 12:46:27.742 | INFO     | __main__:main:93 - Starting text fetch demonstration...
2025-01-30 12:46:27.742 | INFO     | __main__:fetch_txt_file:52 - Fetching text data from https://raw.githubusercontent.com/denisecase/datafun-03-analytics/main/hosted/romeo.txt...
2025-01-30 12:46:27.945 | INFO     | __main__:write_txt_file:76 - Writing data to example_data\romeo.txt...
2025-01-30 12:46:27.948 | INFO     | __main__:write_txt_file:80 - SUCCESS: Data written to example_data\romeo.txt
2025-01-30 12:46:27.949 | INFO     | __main__:fetch_txt_file:56 - SUCCESS: Text file fetched and saved as romeo.txt
2025-01-30 12:48:41.544 | INFO     | utils_logger:<module>:41 - Logging to file: logs\project_log.log
2025-01-30 12:48:41.544 | INFO     | __main__:main:93 - Starting CSV fetch demonstration...
2025-01-30 12:48:41.545 | INFO     | __main__:fetch_csv_file:52 - Fetching CSV data from https://raw.githubusercontent.com/MainakRepositor/Datasets/master/World%20Happiness%20Data/2020.csv...
2025-01-30 12:48:41.694 | INFO     | __main__:write_csv_file:76 - Writing CSV data to example_data\2020_happiness.csv...
2025-01-30 12:48:41.696 | INFO     | __main__:write_csv_file:80 - SUCCESS: CSV data written to example_data\2020_happiness.csv
2025-01-30 12:48:41.696 | INFO     | __main__:fetch_csv_file:56 - SUCCESS: CSV file fetched and saved as 2020_happiness.csv
2025-01-30 12:50:43.017 | INFO     | utils_logger:<module>:41 - Logging to file: logs\project_log.log
2025-01-30 12:50:43.017 | INFO     | __main__:main:93 - Starting CSV fetch demonstration...
2025-01-30 12:50:43.017 | INFO     | __main__:fetch_csv_file:52 - Fetching CSV data from https://raw.githubusercontent.com/MainakRepositor/Datasets/master/World%20Happiness%20Data/2020.csv...
2025-01-30 12:50:43.087 | INFO     | __main__:write_csv_file:76 - Writing CSV data to example_data\2020_happiness.csv...
2025-01-30 12:50:43.091 | INFO     | __main__:write_csv_file:80 - SUCCESS: CSV data written to example_data\2020_happiness.csv
2025-01-30 12:50:43.091 | INFO     | __main__:fetch_csv_file:56 - SUCCESS: CSV file fetched and saved as 2020_happiness.csv
2025-01-30 12:57:46.058 | INFO     | utils_logger:<module>:41 - Logging to file: logs\project_log.log
2025-01-30 12:57:46.058 | INFO     | __main__:main:93 - Starting Excel fetch demonstration...
2025-01-30 12:57:46.058 | INFO     | __main__:fetch_excel_file:52 - Fetching Excel data from https://raw.githubusercontent.com/denisecase/datafun-03-analytics/main/hosted/Feedback.xlsx...
2025-01-30 12:57:46.215 | INFO     | __main__:write_excel_file:76 - Writing Excel data to example_data\feedback.xlsx...
2025-01-30 12:57:46.216 | INFO     | __main__:write_excel_file:80 - SUCCESS: Excel data written to example_data\feedback.xlsx
2025-01-30 12:57:46.217 | INFO     | __main__:fetch_excel_file:56 - SUCCESS: Excel file fetched and saved as feedback.xlsx
2025-01-30 12:58:14.557 | INFO     | utils_logger:<module>:41 - Logging to file: logs\project_log.log
2025-01-30 12:58:14.557 | INFO     | __main__:main:93 - Starting Excel fetch demonstration...
2025-01-30 12:58:14.557 | INFO     | __main__:fetch_excel_file:52 - Fetching Excel data from https://raw.githubusercontent.com/denisecase/datafun-03-analytics/main/hosted/Feedback.xlsx...
2025-01-30 12:58:14.622 | INFO     | __main__:write_excel_file:76 - Writing Excel data to example_data\feedback.xlsx...
2025-01-30 12:58:14.624 | INFO     | __main__:write_excel_file:80 - SUCCESS: Excel data written to example_data\feedback.xlsx
2025-01-30 12:58:14.624 | INFO     | __main__:fetch_excel_file:56 - SUCCESS: Excel file fetched and saved as feedback.xlsx
2025-01-30 13:00:22.688 | INFO     | utils_logger:<module>:41 - Logging to file: logs\project_log.log
2025-01-30 13:00:22.688 | INFO     | __main__:main:93 - Starting Excel fetch demonstration...
2025-01-30 13:00:22.688 | INFO     | __main__:fetch_excel_file:52 - Fetching Excel data from https://raw.githubusercontent.com/denisecase/datafun-03-analytics/main/hosted/Feedback.xlsx...
2025-01-30 13:00:22.759 | INFO     | __main__:write_excel_file:76 - Writing Excel data to example_data\feedback.xlsx...
2025-01-30 13:00:22.761 | INFO     | __main__:write_excel_file:80 - SUCCESS: Excel data written to example_data\feedback.xlsx
2025-01-30 13:00:22.761 | INFO     | __main__:fetch_excel_file:56 - SUCCESS: Excel file fetched and saved as feedback.xlsx
2025-01-30 13:02:18.284 | INFO     | utils_logger:<module>:41 - Logging to file: logs\project_log.log
2025-01-30 13:02:18.285 | INFO     | __main__:main:94 - Starting JSON fetch demonstration...
2025-01-30 13:02:18.285 | INFO     | __main__:fetch_json_file:53 - Fetching JSON data from http://api.open-notify.org/astros.json...
2025-01-30 13:02:21.477 | INFO     | __main__:write_json_file:77 - Writing JSON data to example_data\astros.json...
2025-01-30 13:02:21.479 | INFO     | __main__:write_json_file:81 - SUCCESS: JSON data written to example_data\astros.json
2025-01-30 13:02:21.479 | INFO     | __main__:fetch_json_file:57 - SUCCESS: JSON file fetched and saved as astros.json
2025-01-30 13:03:45.165 | INFO     | utils_logger:<module>:41 - Logging to file: logs\project_log.log
2025-01-30 13:03:45.165 | INFO     | __main__:main:94 - Starting JSON fetch demonstration...
2025-01-30 13:03:45.165 | INFO     | __main__:fetch_json_file:53 - Fetching JSON data from http://api.open-notify.org/astros.json...
2025-01-30 13:03:45.323 | INFO     | __main__:write_json_file:77 - Writing JSON data to example_data\astros.json...
2025-01-30 13:03:45.324 | INFO     | __main__:write_json_file:81 - SUCCESS: JSON data written to example_data\astros.json
2025-01-30 13:03:45.325 | INFO     | __main__:fetch_json_file:57 - SUCCESS: JSON file fetched and saved as astros.json
2025-01-30 13:10:30.041 | INFO     | utils_logger:<module>:41 - Logging to file: logs\project_log.log
2025-01-30 13:10:30.042 | INFO     | __main__:<module>:78 - Starting CSV processing...
2025-01-30 13:10:30.059 | INFO     | __main__:process_csv_file:71 - Processed CSV file: example_data\2020_happiness.csv, Statistics saved to: example_processed\happiness_ladder_score_stats.txt
2025-01-30 13:10:30.059 | INFO     | __main__:<module>:80 - CSV processing complete.
2025-01-30 13:11:55.173 | INFO     | utils_logger:<module>:41 - Logging to file: logs\project_log.log
2025-01-30 13:11:55.174 | INFO     | __main__:<module>:78 - Starting CSV processing...
2025-01-30 13:11:55.177 | INFO     | __main__:process_csv_file:71 - Processed CSV file: example_data\2020_happiness.csv, Statistics saved to: example_processed\happiness_ladder_score_stats.txt
2025-01-30 13:11:55.178 | INFO     | __main__:<module>:80 - CSV processing complete.
2025-01-30 13:14:23.385 | INFO     | utils_logger:<module>:41 - Logging to file: logs\project_log.log
2025-01-30 13:14:23.385 | INFO     | __main__:<module>:78 - Starting CSV processing...
2025-01-30 13:14:23.388 | INFO     | __main__:process_csv_file:71 - Processed CSV file: example_data\2020_happiness.csv, Statistics saved to: example_processed\happiness_ladder_score_stats.txt
2025-01-30 13:14:23.388 | INFO     | __main__:<module>:80 - CSV processing complete.
2025-01-30 13:17:27.522 | INFO     | utils_logger:<module>:41 - Logging to file: logs\project_log.log
2025-01-30 13:17:27.523 | INFO     | __main__:<module>:61 - Starting Excel processing...
2025-01-30 13:17:27.579 | INFO     | __main__:process_excel_file:54 - Processed Excel file: example_data\feedback.xlsx, Word count saved to: example_processed\excel_feedback_github_count.txt
2025-01-30 13:17:27.579 | INFO     | __main__:<module>:63 - Excel processing complete.
2025-01-30 13:18:43.874 | INFO     | utils_logger:<module>:41 - Logging to file: logs\project_log.log
2025-01-30 13:18:43.875 | INFO     | __main__:<module>:61 - Starting Excel processing...
2025-01-30 13:18:43.899 | INFO     | __main__:process_excel_file:54 - Processed Excel file: example_data\feedback.xlsx, Word count saved to: example_processed\excel_feedback_github_count.txt
2025-01-30 13:18:43.899 | INFO     | __main__:<module>:63 - Excel processing complete.
2025-01-30 13:27:39.140 | INFO     | utils_logger:<module>:41 - Logging to file: logs\project_log.log
2025-01-30 13:27:39.140 | INFO     | __main__:<module>:84 - Starting JSON processing...
2025-01-30 13:27:39.153 | INFO     | __main__:process_json_file:77 - Processed JSON file: example_data\astros.json, Results saved to: example_processed\json_astronauts_by_craft.txt
2025-01-30 13:27:39.154 | INFO     | __main__:<module>:86 - JSON processing complete.
2025-01-30 13:29:07.409 | INFO     | utils_logger:<module>:41 - Logging to file: logs\project_log.log
2025-01-30 13:29:07.409 | INFO     | __main__:<module>:84 - Starting JSON processing...
2025-01-30 13:29:07.410 | INFO     | __main__:process_json_file:77 - Processed JSON file: example_data\astros.json, Results saved to: example_processed\json_astronauts_by_craft.txt
2025-01-30 13:29:07.411 | INFO     | __main__:<module>:86 - JSON processing complete.
2025-01-30 13:32:09.155 | INFO     | utils_logger:<module>:41 - Logging to file: logs\project_log.log
2025-01-30 13:32:09.156 | INFO     | __main__:<module>:52 - Starting text processing...
2025-01-30 13:32:09.213 | INFO     | __main__:process_text_file:45 - Processed text file: example_data\romeo.txt, Word count saved to: example_processed\text_romeo_word_count.txt
2025-01-30 13:32:09.214 | INFO     | __main__:<module>:54 - Text processing complete.
2025-01-30 13:33:15.728 | INFO     | utils_logger:<module>:41 - Logging to file: logs\project_log.log
2025-01-30 13:33:15.728 | INFO     | __main__:<module>:52 - Starting text processing...
2025-01-30 13:33:15.730 | INFO     | __main__:process_text_file:45 - Processed text file: example_data\romeo.txt, Word count saved to: example_processed\text_romeo_word_count.txt
2025-01-30 13:33:15.731 | INFO     | __main__:<module>:54 - Text processing complete.
2025-01-30 13:37:02.876 | INFO     | utils_logger:<module>:41 - Logging to file: logs\project_log.log
2025-01-30 13:37:02.877 | INFO     | __main__:main:93 - Starting CSV fetch demonstration...
2025-01-30 13:37:02.877 | INFO     | __main__:fetch_csv_file:52 - Fetching CSV data from https://raw.githubusercontent.com/MainakRepositor/Datasets/master/World%20Happiness%20Data/2020.csv...
2025-01-30 13:37:03.067 | INFO     | __main__:write_csv_file:76 - Writing CSV data to example_data\2020_happiness.csv...
2025-01-30 13:37:03.069 | INFO     | __main__:write_csv_file:80 - SUCCESS: CSV data written to example_data\2020_happiness.csv
2025-01-30 13:37:03.070 | INFO     | __main__:fetch_csv_file:56 - SUCCESS: CSV file fetched and saved as 2020_happiness.csv
2025-01-30 13:38:09.019 | INFO     | utils_logger:<module>:41 - Logging to file: logs\project_log.log
2025-01-30 13:38:09.020 | INFO     | __main__:main:93 - Starting CSV fetch demonstration...
2025-01-30 13:38:09.020 | INFO     | __main__:fetch_csv_file:52 - Fetching CSV data from https://raw.githubusercontent.com/MainakRepositor/Datasets/master/World%20Happiness%20Data/2020.csv...
2025-01-30 13:38:09.101 | INFO     | __main__:write_csv_file:76 - Writing CSV data to example_data\2020_happiness.csv...
2025-01-30 13:38:09.104 | INFO     | __main__:write_csv_file:80 - SUCCESS: CSV data written to example_data\2020_happiness.csv
2025-01-30 13:38:09.104 | INFO     | __main__:fetch_csv_file:56 - SUCCESS: CSV file fetched and saved as 2020_happiness.csv
2025-01-30 13:38:58.086 | INFO     | utils_logger:<module>:41 - Logging to file: logs\project_log.log
2025-01-30 13:38:58.086 | INFO     | __main__:main:93 - Starting text fetch demonstration...
2025-01-30 13:38:58.086 | INFO     | __main__:fetch_txt_file:52 - Fetching text data from https://raw.githubusercontent.com/denisecase/datafun-03-analytics/main/hosted/romeo.txt...
2025-01-30 13:38:58.263 | INFO     | __main__:write_txt_file:76 - Writing data to example_data\romeo.txt...
2025-01-30 13:38:58.266 | INFO     | __main__:write_txt_file:80 - SUCCESS: Data written to example_data\romeo.txt
2025-01-30 13:38:58.267 | INFO     | __main__:fetch_txt_file:56 - SUCCESS: Text file fetched and saved as romeo.txt
2025-01-30 15:45:50.819 | INFO     | utils_logger:<module>:41 - Logging to file: logs\project_log.log
2025-01-30 15:45:50.820 | INFO     | __main__:main:94 - Starting CSV fetch demonstration...
2025-01-30 15:45:50.820 | INFO     | __main__:fetch_csv_file:52 - Fetching CSV data from https://support.staffbase.com/hc/en-us/article_attachments/360009197031/username.csv...
2025-01-30 15:45:51.296 | INFO     | __main__:write_csv_file:76 - Writing CSV data to actual_data\username.csv...
2025-01-30 15:45:51.298 | INFO     | __main__:write_csv_file:80 - SUCCESS: CSV data written to actual_data\username.csv
2025-01-30 15:45:51.298 | INFO     | __main__:fetch_csv_file:56 - SUCCESS: CSV file fetched and saved as username.csv
2025-01-30 16:59:03.796 | INFO     | utils_logger:<module>:41 - Logging to file: logs\project_log.log
2025-01-30 16:59:03.797 | INFO     | __main__:<module>:76 - Starting CSV processing...
2025-01-30 16:59:03.810 | ERROR    | __main__:analyze_identifier:51 - Error processing CSV file: 'Ladder score'
2025-01-30 17:01:47.765 | INFO     | utils_logger:<module>:41 - Logging to file: logs\project_log.log
2025-01-30 17:01:47.766 | INFO     | __main__:<module>:76 - Starting CSV processing...
2025-01-30 17:01:47.767 | ERROR    | __main__:analyze_identifier:51 - Error processing CSV file: 'Identifier'
2025-01-30 17:02:53.143 | INFO     | utils_logger:<module>:41 - Logging to file: logs\project_log.log
2025-01-30 17:02:53.144 | INFO     | __main__:<module>:76 - Starting CSV processing...
2025-01-30 17:02:53.144 | ERROR    | __main__:analyze_identifier:51 - Error processing CSV file: ' Identifier'
2025-01-30 17:06:28.656 | INFO     | utils_logger:<module>:41 - Logging to file: logs\project_log.log
2025-01-30 17:06:28.657 | INFO     | __main__:<module>:76 - Starting CSV processing...
2025-01-30 17:06:28.657 | ERROR    | __main__:analyze_identifier:51 - Error processing CSV file: ' Identifier'
2025-01-30 17:16:04.748 | INFO     | utils_logger:<module>:41 - Logging to file: logs\project_log.log
2025-01-30 17:16:04.749 | INFO     | __main__:<module>:76 - Starting CSV processing...
2025-01-30 17:16:04.750 | ERROR    | __main__:analyze_identifier:51 - Error processing CSV file: 'Identifier'
2025-01-30 17:27:07.534 | INFO     | utils_logger:<module>:41 - Logging to file: logs\project_log.log
2025-01-30 17:27:07.535 | INFO     | __main__:main:93 - Starting CSV fetch demonstration...
2025-01-30 17:27:07.536 | INFO     | __main__:fetch_csv_file:52 - Fetching CSV data from https://raw.githubusercontent.com/MainakRepositor/Datasets/master/World%20Happiness%20Data/2020.csv...
2025-01-30 17:27:07.975 | INFO     | __main__:write_csv_file:76 - Writing CSV data to example_data\2020_happiness.csv...
2025-01-30 17:27:07.978 | INFO     | __main__:write_csv_file:80 - SUCCESS: CSV data written to example_data\2020_happiness.csv
2025-01-30 17:27:07.979 | INFO     | __main__:fetch_csv_file:56 - SUCCESS: CSV file fetched and saved as 2020_happiness.csv
2025-01-30 17:48:44.075 | INFO     | utils_logger:<module>:41 - Logging to file: logs\project_log.log
2025-01-30 17:48:44.076 | INFO     | __main__:main:93 - Starting CSV fetch demonstration...
2025-01-30 17:48:44.076 | INFO     | __main__:fetch_csv_file:52 - Fetching CSV data from https://people.sc.fsu.edu/~jburkardt/data/csv/oscar_age_female.csv...
2025-01-30 17:48:44.211 | INFO     | __main__:write_csv_file:76 - Writing CSV data to actual_data\oscar_age_female.csv...
2025-01-30 17:48:44.212 | INFO     | __main__:write_csv_file:80 - SUCCESS: CSV data written to actual_data\oscar_age_female.csv
2025-01-30 17:48:44.212 | INFO     | __main__:fetch_csv_file:56 - SUCCESS: CSV file fetched and saved as oscar_age_female.csv
2025-01-30 17:49:41.373 | INFO     | utils_logger:<module>:41 - Logging to file: logs\project_log.log
2025-01-30 17:49:41.374 | INFO     | __main__:<module>:78 - Starting CSV processing...
2025-01-30 17:49:41.393 | INFO     | __main__:process_csv_file:71 - Processed CSV file: example_data\2020_happiness.csv, Statistics saved to: example_processed\happiness_ladder_score_stats.txt
2025-01-30 17:49:41.394 | INFO     | __main__:<module>:80 - CSV processing complete.
2025-01-30 18:10:32.300 | INFO     | utils_logger:<module>:41 - Logging to file: logs\project_log.log
2025-01-30 18:10:32.300 | INFO     | __main__:<module>:78 - Starting CSV processing...
2025-01-30 18:10:32.301 | ERROR    | __main__:analyze_age:53 - Error processing CSV file: [Errno 2] No such file or directory: 'actual_data\\oscar_age_females.csv'
2025-01-30 18:15:13.224 | INFO     | utils_logger:<module>:41 - Logging to file: logs\project_log.log
2025-01-30 18:15:13.224 | INFO     | __main__:<module>:78 - Starting CSV processing...
2025-01-30 18:15:13.237 | ERROR    | __main__:analyze_age:53 - Error processing CSV file: 'Age'
2025-01-30 18:15:33.771 | INFO     | utils_logger:<module>:41 - Logging to file: logs\project_log.log
2025-01-30 18:15:33.772 | INFO     | __main__:<module>:78 - Starting CSV processing...
2025-01-30 18:15:33.773 | ERROR    | __main__:analyze_age:53 - Error processing CSV file: 'Age'
2025-01-30 18:17:02.516 | INFO     | utils_logger:<module>:41 - Logging to file: logs\project_log.log
2025-01-30 18:17:02.516 | INFO     | __main__:<module>:78 - Starting CSV processing...
2025-01-30 18:17:02.517 | ERROR    | __main__:analyze_age:53 - Error processing CSV file: name 'Age' is not defined
2025-01-30 18:22:05.279 | INFO     | utils_logger:<module>:41 - Logging to file: logs\project_log.log
2025-01-30 18:22:05.279 | INFO     | __main__:<module>:78 - Starting CSV processing...
2025-01-30 18:22:05.280 | ERROR    | __main__:analyze_age:53 - Error processing CSV file: '"Age"'
2025-01-31 07:21:22.170 | INFO     | utils_logger:<module>:41 - Logging to file: logs\project_log.log
2025-01-31 07:21:22.171 | INFO     | __main__:main:93 - Starting CSV fetch demonstration...
2025-01-31 07:21:22.171 | INFO     | __main__:fetch_csv_file:52 - Fetching CSV data from https://raw.githubusercontent.com/MainakRepositor/Datasets/master/World%20Happiness%20Data/2020.csv...
2025-01-31 07:21:22.595 | INFO     | __main__:write_csv_file:76 - Writing CSV data to example_data\2020_happiness.csv...
2025-01-31 07:21:22.597 | INFO     | __main__:write_csv_file:80 - SUCCESS: CSV data written to example_data\2020_happiness.csv
2025-01-31 07:21:22.598 | INFO     | __main__:fetch_csv_file:56 - SUCCESS: CSV file fetched and saved as 2020_happiness.csv
2025-01-31 07:26:49.934 | INFO     | utils_logger:<module>:41 - Logging to file: logs\project_log.log
2025-01-31 07:26:49.935 | INFO     | __main__:main:93 - Starting CSV fetch demonstration...
2025-01-31 07:26:49.935 | INFO     | __main__:fetch_csv_file:52 - Fetching CSV data from https://www.stats.govt.nz/assets/Uploads/Business-operations-survey/Business-operations-survey-2023/Download-data/business-operations-survey-2023-innovation.csv...
2025-01-31 07:26:54.202 | INFO     | __main__:write_csv_file:76 - Writing CSV data to actual_data\bus_innovation.csv...
2025-01-31 07:26:54.220 | INFO     | __main__:write_csv_file:80 - SUCCESS: CSV data written to actual_data\bus_innovation.csv
2025-01-31 07:26:54.221 | INFO     | __main__:fetch_csv_file:56 - SUCCESS: CSV file fetched and saved as bus_innovation.csv
2025-01-31 07:42:54.289 | INFO     | utils_logger:<module>:41 - Logging to file: logs\project_log.log
2025-01-31 07:42:54.290 | INFO     | __main__:<module>:78 - Starting CSV processing...
2025-01-31 07:42:54.340 | WARNING  | __main__:analyze_value_score:42 - Skipping invalid row: {'description': 'Expenditure on R&D', 'industry': 'Rental, hiring, & real estate services', 'level': '1', 'size': 'total', 'line_code': 'B1201', 'value': '', 'status': 'C', 'Unit': 'NZ dollar', 'Footnotes': '1 and 2 and 3 and 7'} (could not convert string to float: '')
2025-01-31 07:42:54.341 | WARNING  | __main__:analyze_value_score:42 - Skipping invalid row: {'description': 'Expenditure on R&D', 'industry': 'Arts & recreation services', 'level': '1', 'size': 'total', 'line_code': 'B1201', 'value': '', 'status': 'C', 'Unit': 'NZ dollar', 'Footnotes': '1 and 2 and 3 and 7'} (could not convert string to float: '')
2025-01-31 07:42:54.341 | WARNING  | __main__:analyze_value_score:42 - Skipping invalid row: {'description': 'Expenditure related to other product development', 'industry': 'Rental, hiring, & real estate services', 'level': '1', 'size': 'total', 'line_code': 'B1202', 'value': '', 'status': 'C', 'Unit': 'NZ dollar', 'Footnotes': '1 and 2 and 3 and 7'} (could not convert string to float: '')
2025-01-31 07:42:54.341 | WARNING  | __main__:analyze_value_score:42 - Skipping invalid row: {'description': 'Expenditure related to other product development', 'industry': 'Arts & recreation services', 'level': '1', 'size': 'total', 'line_code': 'B1202', 'value': '', 'status': 'C', 'Unit': 'NZ dollar', 'Footnotes': '1 and 2 and 3 and 7'} (could not convert string to float: '')
2025-01-31 07:42:54.394 | INFO     | __main__:process_csv_file:71 - Processed CSV file: actual_data\bus_innovation.csv, Statistics saved to: actual_processed\value_score.txt
2025-01-31 07:42:54.396 | INFO     | __main__:<module>:80 - CSV processing complete.
2025-01-31 07:47:04.427 | INFO     | utils_logger:<module>:41 - Logging to file: logs\project_log.log
2025-01-31 07:47:04.427 | INFO     | __main__:main:93 - Starting Excel fetch demonstration...
2025-01-31 07:47:04.428 | INFO     | __main__:fetch_excel_file:52 - Fetching Excel data from https://raw.githubusercontent.com/denisecase/datafun-03-analytics/main/hosted/Feedback.xlsx...
2025-01-31 07:47:04.825 | INFO     | __main__:write_excel_file:76 - Writing Excel data to example_data\feedback.xlsx...
2025-01-31 07:47:04.828 | INFO     | __main__:write_excel_file:80 - SUCCESS: Excel data written to example_data\feedback.xlsx
2025-01-31 07:47:04.829 | INFO     | __main__:fetch_excel_file:56 - SUCCESS: Excel file fetched and saved as feedback.xlsx
2025-01-31 07:49:31.379 | INFO     | utils_logger:<module>:41 - Logging to file: logs\project_log.log
2025-01-31 07:49:31.380 | INFO     | __main__:<module>:61 - Starting Excel processing...
2025-01-31 07:49:31.427 | INFO     | __main__:process_excel_file:54 - Processed Excel file: example_data\feedback.xlsx, Word count saved to: example_processed\excel_feedback_github_count.txt
2025-01-31 07:49:31.427 | INFO     | __main__:<module>:63 - Excel processing complete.
2025-01-31 09:33:43.223 | INFO     | utils_logger:<module>:41 - Logging to file: logs\project_log.log
2025-01-31 09:33:43.223 | INFO     | __main__:main:93 - Starting Excel fetch demonstration...
2025-01-31 09:33:43.224 | INFO     | __main__:fetch_excel_file:52 - Fetching Excel data from https://github.com/shadsluiter/ExcelExamples/raw/refs/heads/master/CrystalPools.xlsx...
2025-01-31 09:33:43.560 | INFO     | __main__:write_excel_file:76 - Writing Excel data to actual_data\pool_sales.xlsx...
2025-01-31 09:33:43.563 | INFO     | __main__:write_excel_file:80 - SUCCESS: Excel data written to actual_data\pool_sales.xlsx
2025-01-31 09:33:43.563 | INFO     | __main__:fetch_excel_file:56 - SUCCESS: Excel file fetched and saved as pool_sales.xlsx
2025-01-31 09:47:06.950 | INFO     | utils_logger:<module>:41 - Logging to file: logs\project_log.log
2025-01-31 09:47:06.951 | INFO     | __main__:<module>:61 - Starting Excel processing...
2025-01-31 09:47:07.024 | INFO     | __main__:process_excel_file:54 - Processed Excel file: actual_data\pool_sales.xlsx, Word count saved to: actual_processed\march_sales.txt
2025-01-31 09:47:07.025 | INFO     | __main__:<module>:63 - Excel processing complete.
2025-01-31 09:57:17.485 | INFO     | utils_logger:<module>:41 - Logging to file: logs\project_log.log
2025-01-31 09:57:17.486 | INFO     | __main__:main:94 - Starting JSON fetch demonstration...
2025-01-31 09:57:17.486 | INFO     | __main__:fetch_json_file:53 - Fetching JSON data from http://api.open-notify.org/astros.json...
2025-01-31 09:57:18.679 | INFO     | __main__:write_json_file:77 - Writing JSON data to example_data\astros.json...
2025-01-31 09:57:18.682 | INFO     | __main__:write_json_file:81 - SUCCESS: JSON data written to example_data\astros.json
2025-01-31 09:57:18.683 | INFO     | __main__:fetch_json_file:57 - SUCCESS: JSON file fetched and saved as astros.json
2025-01-31 10:05:43.782 | INFO     | utils_logger:<module>:41 - Logging to file: logs\project_log.log
2025-01-31 10:05:43.782 | INFO     | __main__:<module>:84 - Starting JSON processing...
2025-01-31 10:05:43.801 | INFO     | __main__:process_json_file:77 - Processed JSON file: example_data\astros.json, Results saved to: example_processed\json_astronauts_by_craft.txt
2025-01-31 10:05:43.802 | INFO     | __main__:<module>:86 - JSON processing complete.
2025-01-31 11:01:53.029 | INFO     | utils_logger:<module>:41 - Logging to file: logs\project_log.log
2025-01-31 11:01:53.029 | INFO     | __main__:main:94 - Starting JSON fetch demonstration...
2025-01-31 11:01:53.030 | INFO     | __main__:fetch_json_file:53 - Fetching JSON data from https://api.nobelprize.org/v1/laureate.json...
2025-01-31 11:01:53.199 | INFO     | __main__:write_json_file:77 - Writing JSON data to actual_data\laureates.json...
2025-01-31 11:01:53.305 | INFO     | __main__:write_json_file:81 - SUCCESS: JSON data written to actual_data\laureates.json
2025-01-31 11:01:53.306 | INFO     | __main__:fetch_json_file:57 - SUCCESS: JSON file fetched and saved as laureates.json
2025-01-31 11:42:50.228 | INFO     | utils_logger:<module>:41 - Logging to file: logs\project_log.log
2025-01-31 11:42:50.229 | INFO     | __main__:<module>:84 - Starting JSON processing...
2025-01-31 11:42:50.231 | INFO     | __main__:process_json_file:77 - Processed JSON file: example_data\astros.json, Results saved to: example_processed\json_astronauts_by_craft.txt
2025-01-31 11:42:50.231 | INFO     | __main__:<module>:86 - JSON processing complete.
2025-01-31 12:32:55.670 | INFO     | utils_logger:<module>:41 - Logging to file: logs\project_log.log
2025-01-31 12:32:55.670 | INFO     | __main__:main:94 - Starting JSON fetch demonstration...
2025-01-31 12:32:55.671 | INFO     | __main__:fetch_json_file:53 - Fetching JSON data from https://api.nobelprize.org/v1/laureate.json...
2025-01-31 12:32:55.853 | INFO     | __main__:write_json_file:77 - Writing JSON data to actual_data\laureates.json...
2025-01-31 12:32:55.959 | INFO     | __main__:write_json_file:81 - SUCCESS: JSON data written to actual_data\laureates.json
2025-01-31 12:32:55.961 | INFO     | __main__:fetch_json_file:57 - SUCCESS: JSON file fetched and saved as laureates.json
2025-01-31 13:18:03.522 | INFO     | utils_logger:<module>:41 - Logging to file: logs\project_log.log
2025-01-31 13:18:03.522 | INFO     | __main__:<module>:84 - Starting JSON processing...
2025-01-31 13:18:03.561 | INFO     | __main__:process_json_file:77 - Processed JSON file: actual_data\laureates.json, Results saved to: actual_processed\json_laureates_by_country.txt
2025-01-31 13:18:03.562 | INFO     | __main__:<module>:86 - JSON processing complete.
2025-01-31 13:30:13.757 | INFO     | utils_logger:<module>:41 - Logging to file: logs\project_log.log
2025-01-31 13:30:13.757 | INFO     | __main__:main:93 - Starting text fetch demonstration...
2025-01-31 13:30:13.757 | INFO     | __main__:fetch_txt_file:52 - Fetching text data from https://raw.githubusercontent.com/denisecase/datafun-03-analytics/main/hosted/romeo.txt...
2025-01-31 13:30:14.202 | INFO     | __main__:write_txt_file:76 - Writing data to example_data\romeo.txt...
2025-01-31 13:30:14.205 | INFO     | __main__:write_txt_file:80 - SUCCESS: Data written to example_data\romeo.txt
2025-01-31 13:30:14.205 | INFO     | __main__:fetch_txt_file:56 - SUCCESS: Text file fetched and saved as romeo.txt
2025-01-31 14:03:37.424 | INFO     | utils_logger:<module>:41 - Logging to file: logs\project_log.log
2025-01-31 14:03:37.424 | INFO     | __main__:main:93 - Starting text fetch demonstration...
2025-01-31 14:03:37.425 | INFO     | __main__:fetch_txt_file:52 - Fetching text data from https://gist.githubusercontent.com/rsmahmud/9f165b93e86f0ae67f9d4e921da256ed/raw/4b50033d6c21bfc8b4d3f9ba6752f94b919d44f6/country.txt...
2025-01-31 14:03:37.524 | INFO     | __main__:write_txt_file:76 - Writing data to actual_data\country_names.txt...
2025-01-31 14:11:29.326 | INFO     | utils_logger:<module>:41 - Logging to file: logs\project_log.log
2025-01-31 14:11:29.326 | INFO     | __main__:main:93 - Starting text fetch demonstration...
2025-01-31 14:11:29.326 | INFO     | __main__:fetch_txt_file:52 - Fetching text data from https://www.w3.org/TR/2003/REC-PNG-20031110/iso_8859-1.txt...
2025-01-31 14:11:29.498 | INFO     | __main__:write_txt_file:76 - Writing data to actual_data\iso_characters.txt...
2025-01-31 14:11:29.501 | INFO     | __main__:write_txt_file:80 - SUCCESS: Data written to actual_data\iso_characters.txt
2025-01-31 14:11:29.501 | INFO     | __main__:fetch_txt_file:56 - SUCCESS: Text file fetched and saved as iso_characters.txt
2025-01-31 14:16:38.566 | INFO     | utils_logger:<module>:41 - Logging to file: logs\project_log.log
2025-01-31 14:16:38.567 | INFO     | __main__:<module>:52 - Starting text processing...
2025-01-31 14:16:38.605 | INFO     | __main__:process_text_file:45 - Processed text file: example_data\romeo.txt, Word count saved to: example_processed\text_romeo_word_count.txt
2025-01-31 14:16:38.605 | INFO     | __main__:<module>:54 - Text processing complete.
2025-01-31 14:23:45.952 | INFO     | utils_logger:<module>:41 - Logging to file: logs\project_log.log
2025-01-31 14:23:45.953 | INFO     | __main__:<module>:52 - Starting text processing...
2025-01-31 14:23:45.967 | INFO     | __main__:process_text_file:45 - Processed text file: actual_data\iso_characters.txt, Word count saved to: actual_processed\text_digit_word_count.txt
2025-01-31 14:23:45.968 | INFO     | __main__:<module>:54 - Text processing complete.
2025-01-31 14:27:48.933 | INFO     | utils_logger:<module>:41 - Logging to file: logs\project_log.log
2025-01-31 14:27:48.933 | INFO     | __main__:main:93 - Starting CSV fetch demonstration...
2025-01-31 14:27:48.933 | INFO     | __main__:fetch_csv_file:52 - Fetching CSV data from https://www.stats.govt.nz/assets/Uploads/Business-operations-survey/Business-operations-survey-2023/Download-data/business-operations-survey-2023-innovation.csv...
2025-01-31 14:27:51.617 | INFO     | __main__:write_csv_file:76 - Writing CSV data to actual_data\bus_innovation.csv...
2025-01-31 14:27:51.632 | INFO     | __main__:write_csv_file:80 - SUCCESS: CSV data written to actual_data\bus_innovation.csv
2025-01-31 14:27:51.633 | INFO     | __main__:fetch_csv_file:56 - SUCCESS: CSV file fetched and saved as bus_innovation.csv
2025-01-31 14:28:21.042 | INFO     | utils_logger:<module>:41 - Logging to file: logs\project_log.log
2025-01-31 14:28:21.042 | INFO     | __main__:main:93 - Starting Excel fetch demonstration...
2025-01-31 14:28:21.043 | INFO     | __main__:fetch_excel_file:52 - Fetching Excel data from https://github.com/shadsluiter/ExcelExamples/raw/refs/heads/master/CrystalPools.xlsx...
2025-01-31 14:28:21.604 | INFO     | __main__:write_excel_file:76 - Writing Excel data to actual_data\pool_sales.xlsx...
2025-01-31 14:28:21.606 | INFO     | __main__:write_excel_file:80 - SUCCESS: Excel data written to actual_data\pool_sales.xlsx
2025-01-31 14:28:21.607 | INFO     | __main__:fetch_excel_file:56 - SUCCESS: Excel file fetched and saved as pool_sales.xlsx
2025-01-31 14:30:27.730 | INFO     | utils_logger:<module>:41 - Logging to file: logs\project_log.log
2025-01-31 14:30:27.730 | INFO     | __main__:main:94 - Starting JSON fetch demonstration...
2025-01-31 14:30:27.730 | INFO     | __main__:fetch_json_file:53 - Fetching JSON data from https://api.nobelprize.org/v1/laureate.json...
2025-01-31 14:30:27.910 | INFO     | __main__:write_json_file:77 - Writing JSON data to actual_data\laureates.json...
2025-01-31 14:30:28.003 | INFO     | __main__:write_json_file:81 - SUCCESS: JSON data written to actual_data\laureates.json
2025-01-31 14:30:28.005 | INFO     | __main__:fetch_json_file:57 - SUCCESS: JSON file fetched and saved as laureates.json
